0	4	准备(U)	替换	371.584	-64	-6	0.89	终止;不作为;替换;重组;
1	4	准备(U)	不作为	324.828	0	0	0.89	终止;不作为;替换;重组;
2	4	准备(U)	不作为	324.828	0	0	0.89	终止;不作为;替换;重组;
3	8	准备(U)	不作为	-2900	0	0	0.71	终止;不作为;替换;重组;
4	8	准备(U)	不作为	-2900	0	0	0.71	终止;不作为;替换;重组;
5	8	准备(U)	不作为	-2900	0	0	0.71	终止;不作为;替换;重组;
6	8	准备(U)	不作为	-2900	0	0	0.71	终止;不作为;替换;重组;
7	2	准备(N)	无需决策	12.5	0	0	0.84	无需决策;
8	2	准备(N)	无需决策	12.5	0	0	0.84	无需决策;
9	2	准备(N)	无需决策	12.5	0	0	0.84	无需决策;
10	5	准备(N)	无需决策	296.387	0	0	0.81	无需决策;
11	5	准备(N)	无需决策	296.387	0	0	0.81	无需决策;
12	5	准备(N)	无需决策	296.387	0	0	0.81	无需决策;
13	0	失败	替换	174.541	75	1	0.89	终止;替换;重组;重试;
14	0	失败	替换	208.113	75	1	0.85	终止;替换;重组;重试;
15	0	失败	替换	243.724	34	4	0.92	终止;替换;重组;重试;
16	3	准备(U)	重组	348.466	-53	-2	0.88	终止;不作为;替换;重组;
17	3	准备(U)	不作为	343.593	0	0	0.88	终止;不作为;替换;重组;
18	3	准备(U)	不作为	343.593	0	0	0.88	终止;不作为;替换;重组;
19	6	准备(U)	不作为	431.101	0	0	0.82	终止;不作为;替换;重组;
20	6	准备(U)	不作为	431.101	0	0	0.82	终止;不作为;替换;重组;
21	6	准备(U)	不作为	431.101	0	0	0.82	终止;不作为;替换;重组;
22	0	失败	重试	169.166	34	4	0.92	终止;替换;重组;重试;
23	0	失败	重试	169.166	34	4	0.92	终止;替换;重组;重试;
24	0	失败	重试	169.166	34	4	0.92	终止;替换;重组;重试;
25	4	准备(N)	无需决策	312.489	0	0	0.89	无需决策;
26	4	准备(N)	无需决策	312.489	0	0	0.89	无需决策;
27	4	准备(N)	无需决策	312.489	0	0	0.89	无需决策;
28	4	准备(N)	无需决策	312.489	0	0	0.89	无需决策;
29	7	准备(N)	无需决策	12.5	0	0	0.84	无需决策;
30	7	准备(N)	无需决策	12.5	0	0	0.84	无需决策;
31	7	准备(N)	无需决策	12.5	0	0	0.84	无需决策;
32	1	准备(U)	重组	55.0176	-52	2	0.73	终止;不作为;替换;重组;
33	1	准备(U)	不作为	-191.224	0	0	0.73	终止;不作为;替换;重组;
34	1	准备(U)	不作为	-191.224	0	0	0.73	终止;不作为;替换;重组;
35	4	准备(U)	不作为	324.187	0	0	0.89	终止;不作为;替换;重组;
36	4	准备(U)	不作为	324.187	0	0	0.89	终止;不作为;替换;重组;
37	4	准备(U)	不作为	324.187	0	0	0.89	终止;不作为;替换;重组;
38	8	准备(N)	无需决策	-2900	0	0	0.71	无需决策;
39	8	准备(N)	无需决策	-2900	0	0	0.71	无需决策;
40	8	准备(N)	无需决策	-2900	0	0	0.71	无需决策;
41	2	准备(N)	无需决策	-217.5	0	0	0.76	无需决策;
42	2	准备(N)	无需决策	-217.5	0	0	0.76	无需决策;
43	2	准备(N)	无需决策	-217.5	0	0	0.76	无需决策;
44	2	准备(N)	无需决策	-217.5	0	0	0.76	无需决策;
45	5	准备(U)	不作为	346.666	0	0	0.81	终止;不作为;替换;重组;
46	5	准备(U)	不作为	346.666	0	0	0.81	终止;不作为;替换;重组;
47	5	准备(U)	不作为	346.666	0	0	0.81	终止;不作为;替换;重组;
48	8	准备(U)	不作为	-2900	0	0	0.71	终止;不作为;替换;重组;
49	8	准备(U)	不作为	-2900	0	0	0.71	终止;不作为;替换;重组;
50	8	准备(U)	不作为	-2900	0	0	0.71	终止;不作为;替换;重组;
51	3	失败	重组	283.839	43	-3	0.82	终止;替换;重组;重试;
52	3	失败	重组	299.201	12	5	0.72	终止;替换;重组;重试;
53	3	失败	替换	281.991	36	8	0.81	终止;替换;重组;重试;
54	6	准备(N)	无需决策	204.087	0	0	0.97	无需决策;
55	6	准备(N)	无需决策	204.087	0	0	0.97	无需决策;
56	6	准备(N)	无需决策	204.087	0	0	0.97	无需决策;
57	0	完成(N)	无需决策	116.719	0	0	0.92	无需决策;
58	0	完成(N)	无需决策	116.719	0	0	0.92	无需决策;
59	0	完成(N)	无需决策	116.719	0	0	0.92	无需决策;
60	4	失败	重组	280.057	12	-2	0.96	终止;替换;重组;重试;
61	4	失败	替换	262.53	57	7	0.91	终止;替换;重组;重试;
62	4	失败	重组	250.272	76	6	0.81	终止;替换;重组;重试;
63	4	失败	替换	333.529	19	5	0.91	终止;替换;重组;重试;
64	7	准备(U)	替换	753.677	10	4	0.95	终止;不作为;替换;重组;
65	7	准备(U)	不作为	331.658	0	0	0.95	终止;不作为;替换;重组;
66	7	准备(U)	不作为	331.658	0	0	0.95	终止;不作为;替换;重组;
67	1	失败	替换	-244.05	81	3	0.7	终止;替换;重组;重试;
68	1	失败	替换	-194.71	67	5	0.74	终止;替换;重组;重试;
69	1	失败	替换	-201.71	62	5	0.74	终止;替换;重组;重试;
70	4	失败	重组	331.338	36	10	0.98	终止;替换;重组;重试;
71	4	失败	重组	385.18	50	3	0.79	终止;替换;重组;重试;
72	4	失败	替换	410.444	37	4	0.95	终止;替换;重组;重试;
73	8	准备(N)	无需决策	-2900	0	0	0.71	无需决策;
74	8	准备(N)	无需决策	-2900	0	0	0.71	无需决策;
75	8	准备(N)	无需决策	-2900	0	0	0.71	无需决策;
76	2	准备(U)	重组	-176	18	-2	0.78	终止;不作为;替换;重组;
77	2	准备(U)	重组	21.7487	-73	1	0.81	终止;不作为;替换;重组;
78	2	准备(U)	替换	400.192	18	1	0.89	终止;不作为;替换;重组;
79	2	准备(U)	替换	471	-44	-2	0.9	终止;不作为;替换;重组;
80	5	准备(U)	不作为	354.976	0	0	0.82	终止;不作为;替换;重组;
81	5	准备(U)	不作为	354.976	0	0	0.82	终止;不作为;替换;重组;
82	5	准备(U)	不作为	354.976	0	0	0.82	终止;不作为;替换;重组;
83	8	准备(U)	不作为	-200	0	0	0.98	终止;不作为;替换;重组;
84	8	准备(U)	不作为	-200	0	0	0.98	终止;不作为;替换;重组;
85	8	准备(U)	不作为	-200	0	0	0.98	终止;不作为;替换;重组;
86	3	完成(N)	无需决策	352.948	0	0	0.81	无需决策;
87	3	完成(N)	无需决策	352.948	0	0	0.81	无需决策;
88	3	完成(N)	无需决策	352.948	0	0	0.81	无需决策;
89	6	准备(N)	无需决策	350.156	0	0	0.97	无需决策;
90	6	准备(N)	无需决策	350.156	0	0	0.97	无需决策;
91	6	准备(N)	无需决策	350.156	0	0	0.97	无需决策;
92	0	完成(U)	不作为	404.214	0	0	0.92	终止;不作为;重组;
93	0	完成(U)	不作为	404.214	0	0	0.92	终止;不作为;重组;
94	0	完成(U)	不作为	404.214	0	0	0.92	终止;不作为;重组;
95	3	完成(U)	不作为	355	0	0	0.81	终止;不作为;重组;
96	3	完成(U)	不作为	355	0	0	0.81	终止;不作为;重组;
97	3	完成(U)	不作为	355	0	0	0.81	终止;不作为;重组;
98	3	完成(U)	不作为	355	0	0	0.81	终止;不作为;重组;
99	7	准备(U)	不作为	331.658	0	0	0.95	终止;不作为;替换;重组;
100	7	准备(U)	不作为	331.658	0	0	0.95	终止;不作为;替换;重组;
101	7	准备(U)	不作为	331.658	0	0	0.95	终止;不作为;替换;重组;
102	1	完成(N)	无需决策	416.77	0	0	0.74	无需决策;
103	1	完成(N)	无需决策	416.77	0	0	0.74	无需决策;
104	1	完成(N)	无需决策	416.77	0	0	0.74	无需决策;
105	4	完成(N)	无需决策	353.204	0	0	0.95	无需决策;
106	4	完成(N)	无需决策	353.204	0	0	0.95	无需决策;
107	4	完成(N)	无需决策	353.204	0	0	0.95	无需决策;
108	7	准备(U)	不作为	331.658	0	0	0.95	终止;不作为;替换;重组;
109	7	准备(U)	不作为	331.658	0	0	0.95	终止;不作为;替换;重组;
110	7	准备(U)	不作为	331.658	0	0	0.95	终止;不作为;替换;重组;
111	2	失败	替换	876	34	2	0.98	终止;替换;重组;重试;
112	2	失败	重试	849	34	2	0.98	终止;替换;重组;重试;
113	2	失败	重试	849	34	2	0.98	终止;替换;重组;重试;
114	5	失败	替换	326.652	76	1	0.93	终止;替换;重组;重试;
115	5	失败	替换	385.464	34	9	0.84	终止;替换;重组;重试;
116	5	失败	替换	352.312	38	4	0.85	终止;替换;重组;重试;
117	5	失败	替换	374.137	10	9	0.88	终止;替换;重组;重试;
118	8	准备(N)	无需决策	-200	0	0	0.98	无需决策;
119	8	准备(N)	无需决策	-200	0	0	0.98	无需决策;
120	8	准备(N)	无需决策	-200	0	0	0.98	无需决策;
121	3	完成(N)	无需决策	352.948	0	0	0.81	无需决策;
122	3	完成(N)	无需决策	352.948	0	0	0.81	无需决策;
123	3	完成(N)	无需决策	352.948	0	0	0.81	无需决策;
124	6	准备(U)	重组	358.326	14	-5	0.76	终止;不作为;替换;重组;
125	6	准备(U)	不作为	478.655	0	0	0.76	终止;不作为;替换;重组;
126	6	准备(U)	不作为	478.655	0	0	0.76	终止;不作为;替换;重组;
127	0	完成(U)	不作为	439.908	0	0	0.92	终止;不作为;重组;
128	0	完成(U)	不作为	439.908	0	0	0.92	终止;不作为;重组;
129	0	完成(U)	不作为	439.908	0	0	0.92	终止;不作为;重组;
130	3	完成(U)	不作为	398.47	0	0	0.81	终止;不作为;重组;
131	3	完成(U)	不作为	398.47	0	0	0.81	终止;不作为;重组;
132	3	完成(U)	不作为	398.47	0	0	0.81	终止;不作为;重组;
133	7	准备(N)	无需决策	70	0	0	0.86	无需决策;
134	7	准备(N)	无需决策	70	0	0	0.86	无需决策;
135	7	准备(N)	无需决策	70	0	0	0.86	无需决策;
136	7	准备(N)	无需决策	70	0	0	0.86	无需决策;
137	1	完成(N)	无需决策	528.747	0	0	0.74	无需决策;
138	1	完成(N)	无需决策	528.747	0	0	0.74	无需决策;
139	1	完成(N)	无需决策	528.747	0	0	0.74	无需决策;
140	4	完成(U)	不作为	374.505	0	0	0.95	终止;不作为;重组;
141	4	完成(U)	不作为	374.505	0	0	0.95	终止;不作为;重组;
142	4	完成(U)	不作为	374.505	0	0	0.95	终止;不作为;重组;
143	7	准备(U)	替换	770.677	-11	8	0.95	终止;不作为;替换;重组;
144	7	准备(U)	替换	807	-37	0	0.96	终止;不作为;替换;重组;
145	7	准备(U)	不作为	335	0	0	0.96	终止;不作为;替换;重组;
146	2	完成(N)	无需决策	415	0	0	0.98	无需决策;
147	2	完成(N)	无需决策	415	0	0	0.98	无需决策;
148	2	完成(N)	无需决策	415	0	0	0.98	无需决策;
149	5	完成(N)	无需决策	379.041	0	0	0.88	无需决策;
150	5	完成(N)	无需决策	379.041	0	0	0.88	无需决策;
151	5	完成(N)	无需决策	379.041	0	0	0.88	无需决策;
152	5	完成(N)	无需决策	379.041	0	0	0.88	无需决策;
153	8	准备(N)	无需决策	-200	0	0	0.98	无需决策;
154	8	准备(N)	无需决策	-200	0	0	0.98	无需决策;
155	8	准备(N)	无需决策	-200	0	0	0.98	无需决策;
156	2	完成(U)	不作为	392.5	0	0	0.98	终止;不作为;重组;
157	2	完成(U)	不作为	392.5	0	0	0.98	终止;不作为;重组;
158	2	完成(U)	不作为	392.5	0	0	0.98	终止;不作为;重组;
159	6	失败	替换	395.44	86	3	0.86	终止;替换;重组;重试;
160	6	失败	重组	377.135	74	0	0.88	终止;替换;重组;重试;
161	6	失败	重组	-64.1909	78	2	0.99	终止;替换;重组;重试;
162	0	完成(N)	无需决策	262.776	0	0	0.92	无需决策;
163	0	完成(N)	无需决策	262.776	0	0	0.92	无需决策;
164	0	完成(N)	无需决策	262.776	0	0	0.92	无需决策;
165	3	完成(N)	无需决策	118.305	0	0	0.81	无需决策;
166	3	完成(N)	无需决策	118.305	0	0	0.81	无需决策;
167	3	完成(N)	无需决策	118.305	0	0	0.81	无需决策;
168	7	准备(N)	无需决策	123.116	0	0	0.87	无需决策;
169	7	准备(N)	无需决策	123.116	0	0	0.87	无需决策;
170	7	准备(N)	无需决策	123.116	0	0	0.87	无需决策;
171	1	完成(U)	不作为	615.747	0	0	0.74	终止;不作为;重组;
172	1	完成(U)	不作为	615.747	0	0	0.74	终止;不作为;重组;
173	1	完成(U)	不作为	615.747	0	0	0.74	终止;不作为;重组;
174	1	完成(U)	不作为	615.747	0	0	0.74	终止;不作为;重组;
175	4	完成(U)	不作为	118.615	0	0	0.95	终止;不作为;重组;
176	4	完成(U)	不作为	118.615	0	0	0.95	终止;不作为;重组;
177	4	完成(U)	不作为	118.615	0	0	0.95	终止;不作为;重组;
178	7	准备(N)	无需决策	123.116	0	0	0.87	无需决策;
179	7	准备(N)	无需决策	123.116	0	0	0.87	无需决策;
180	7	准备(N)	无需决策	123.116	0	0	0.87	无需决策;
181	2	完成(N)	无需决策	415	0	0	0.98	无需决策;
182	2	完成(N)	无需决策	415	0	0	0.98	无需决策;
183	2	完成(N)	无需决策	415	0	0	0.98	无需决策;
184	5	完成(N)	无需决策	118.329	0	0	0.88	无需决策;
185	5	完成(N)	无需决策	118.329	0	0	0.88	无需决策;
186	5	完成(N)	无需决策	118.329	0	0	0.88	无需决策;
187	8	准备(U)	不作为	-200	0	0	0.98	终止;不作为;替换;重组;
188	8	准备(U)	不作为	-200	0	0	0.98	终止;不作为;替换;重组;
189	8	准备(U)	不作为	-200	0	0	0.98	终止;不作为;替换;重组;
190	2	完成(U)	不作为	392.5	0	0	0.98	终止;不作为;重组;
191	2	完成(U)	不作为	392.5	0	0	0.98	终止;不作为;重组;
192	2	完成(U)	不作为	392.5	0	0	0.98	终止;不作为;重组;
193	6	完成(N)	无需决策	117.434	0	0	0.99	无需决策;
194	6	完成(N)	无需决策	117.434	0	0	0.99	无需决策;
195	6	完成(N)	无需决策	117.434	0	0	0.99	无需决策;
196	0	完成(N)	无需决策	262.776	0	0	0.92	无需决策;
197	0	完成(N)	无需决策	262.776	0	0	0.92	无需决策;
198	0	完成(N)	无需决策	262.776	0	0	0.92	无需决策;
199	0	完成(N)	无需决策	262.776	0	0	0.92	无需决策;
200	3	完成(N)	无需决策	118.305	0	0	0.81	无需决策;
201	3	完成(N)	无需决策	118.305	0	0	0.81	无需决策;
202	3	完成(N)	无需决策	118.305	0	0	0.81	无需决策;
203	6	完成(U)	不作为	111.752	0	0	0.99	终止;不作为;重组;
204	6	完成(U)	不作为	111.752	0	0	0.99	终止;不作为;重组;
205	6	完成(U)	不作为	111.752	0	0	0.99	终止;不作为;重组;
206	1	完成(U)	不作为	615.747	0	0	0.74	终止;不作为;重组;
207	1	完成(U)	不作为	615.747	0	0	0.74	终止;不作为;重组;
208	1	完成(U)	不作为	615.747	0	0	0.74	终止;不作为;重组;
209	4	完成(N)	无需决策	118.376	0	0	0.95	无需决策;
210	4	完成(N)	无需决策	118.376	0	0	0.95	无需决策;
211	4	完成(N)	无需决策	118.376	0	0	0.95	无需决策;
212	7	失败	重试	288.03	12	3	0.87	终止;替换;重组;重试;
213	7	失败	重试	288.03	12	3	0.87	终止;替换;重组;重试;
214	7	失败	重试	288.03	12	3	0.87	终止;替换;重组;重试;
215	2	完成(N)	无需决策	415	0	0	0.98	无需决策;
216	2	完成(N)	无需决策	415	0	0	0.98	无需决策;
217	2	完成(N)	无需决策	415	0	0	0.98	无需决策;
218	5	完成(U)	不作为	119.28	0	0	0.88	终止;不作为;重组;
219	5	完成(U)	不作为	119.28	0	0	0.88	终止;不作为;重组;
220	5	完成(U)	不作为	119.28	0	0	0.88	终止;不作为;重组;
221	8	准备(U)	不作为	-200	0	0	0.98	终止;不作为;替换;重组;
222	8	准备(U)	不作为	-200	0	0	0.98	终止;不作为;替换;重组;
223	8	准备(U)	不作为	-200	0	0	0.98	终止;不作为;替换;重组;
224	2	完成(N)	无需决策	415	0	0	0.98	无需决策;
225	2	完成(N)	无需决策	415	0	0	0.98	无需决策;
226	2	完成(N)	无需决策	415	0	0	0.98	无需决策;
227	2	完成(N)	无需决策	415	0	0	0.98	无需决策;
228	6	完成(N)	无需决策	117.434	0	0	0.99	无需决策;
229	6	完成(N)	无需决策	117.434	0	0	0.99	无需决策;
230	6	完成(N)	无需决策	117.434	0	0	0.99	无需决策;
231	0	完成(N)	无需决策	262.776	0	0	0.92	无需决策;
232	0	完成(N)	无需决策	262.776	0	0	0.92	无需决策;
233	0	完成(N)	无需决策	262.776	0	0	0.92	无需决策;
234	3	完成(U)	不作为	119.261	0	0	0.81	终止;不作为;重组;
235	3	完成(U)	不作为	119.261	0	0	0.81	终止;不作为;重组;
236	3	完成(U)	不作为	119.261	0	0	0.81	终止;不作为;重组;
237	6	完成(U)	不作为	111.752	0	0	0.99	终止;不作为;重组;
238	6	完成(U)	不作为	111.752	0	0	0.99	终止;不作为;重组;
239	6	完成(U)	不作为	111.752	0	0	0.99	终止;不作为;重组;
240	1	完成(N)	无需决策	528.747	0	0	0.74	无需决策;
241	1	完成(N)	无需决策	528.747	0	0	0.74	无需决策;
242	1	完成(N)	无需决策	528.747	0	0	0.74	无需决策;
243	1	完成(N)	无需决策	528.747	0	0	0.74	无需决策;
244	4	完成(N)	无需决策	118.376	0	0	0.95	无需决策;
245	4	完成(N)	无需决策	118.376	0	0	0.95	无需决策;
246	4	完成(N)	无需决策	118.376	0	0	0.95	无需决策;
247	7	完成(U)	不作为	100.503	0	0	0.87	终止;不作为;重组;
248	7	完成(U)	不作为	100.503	0	0	0.87	终止;不作为;重组;
249	7	完成(U)	不作为	100.503	0	0	0.87	终止;不作为;重组;
250	1	完成(U)	不作为	615.747	0	0	0.74	终止;不作为;重组;
251	1	完成(U)	不作为	615.747	0	0	0.74	终止;不作为;重组;
252	1	完成(U)	不作为	615.747	0	0	0.74	终止;不作为;重组;
253	5	完成(U)	不作为	119.28	0	0	0.88	终止;不作为;重组;
254	5	完成(U)	不作为	119.28	0	0	0.88	终止;不作为;重组;
255	5	完成(U)	不作为	119.28	0	0	0.88	终止;不作为;重组;
256	5	完成(U)	不作为	119.28	0	0	0.88	终止;不作为;重组;
257	8	失败	重试	-225	23	2	0.98	终止;替换;重组;重试;
258	8	失败	重试	-225	23	2	0.98	终止;替换;重组;重试;
259	8	失败	重试	-225	23	2	0.98	终止;替换;重组;重试;
260	2	完成(N)	无需决策	415	0	0	0.98	无需决策;
261	2	完成(N)	无需决策	415	0	0	0.98	无需决策;
262	2	完成(N)	无需决策	415	0	0	0.98	无需决策;
263	5	完成(U)	不作为	119.28	0	0	0.88	终止;不作为;重组;
264	5	完成(U)	不作为	119.28	0	0	0.88	终止;不作为;重组;
265	5	完成(U)	不作为	119.28	0	0	0.88	终止;不作为;重组;
266	0	完成(U)	不作为	270.208	0	0	0.92	终止;不作为;重组;
267	0	完成(U)	不作为	270.208	0	0	0.92	终止;不作为;重组;
268	0	完成(U)	不作为	270.208	0	0	0.92	终止;不作为;重组;
269	3	完成(U)	不作为	119.261	0	0	0.81	终止;不作为;重组;
270	3	完成(U)	不作为	119.261	0	0	0.81	终止;不作为;重组;
271	3	完成(U)	不作为	119.261	0	0	0.81	终止;不作为;重组;
272	6	完成(N)	无需决策	117.434	0	0	0.99	无需决策;
273	6	完成(N)	无需决策	117.434	0	0	0.99	无需决策;
274	6	完成(N)	无需决策	117.434	0	0	0.99	无需决策;
275	1	完成(N)	无需决策	528.747	0	0	0.74	无需决策;
276	1	完成(N)	无需决策	528.747	0	0	0.74	无需决策;
277	1	完成(N)	无需决策	528.747	0	0	0.74	无需决策;
278	4	完成(U)	不作为	118.615	0	0	0.95	终止;不作为;重组;
279	4	完成(U)	不作为	118.615	0	0	0.95	终止;不作为;重组;
280	4	完成(U)	不作为	118.615	0	0	0.95	终止;不作为;重组;
281	4	完成(U)	不作为	118.615	0	0	0.95	终止;不作为;重组;
282	7	完成(U)	不作为	100.503	0	0	0.87	终止;不作为;重组;
283	7	完成(U)	不作为	100.503	0	0	0.87	终止;不作为;重组;
284	7	完成(U)	不作为	100.503	0	0	0.87	终止;不作为;重组;
285	1	完成(U)	不作为	615.747	0	0	0.74	终止;不作为;重组;
